Analysis & Elaboration report for Laboratorio6
Sat Jun 11 10:41:55 2016
Quartus Prime Version 15.1.0 Build 185 10/21/2015 SJ Lite Edition


---------------------
; Table of Contents ;
---------------------
  1. Legal Notice
  2. Analysis & Elaboration Summary
  3. Parallel Compilation
  4. Analysis & Elaboration Settings
  5. Port Connectivity Checks: "FF_D_RISING:\LFSR:0:i0:bit0"
  6. Port Connectivity Checks: "FF_D_RISING:\LFSR:1:i32:bit32"
  7. Port Connectivity Checks: "FF_D_RISING:\LFSR:2:i32:bit32"
  8. Port Connectivity Checks: "FF_D_RISING:\LFSR:3:i32:bit32"
  9. Port Connectivity Checks: "FF_D_RISING:\LFSR:4:i32:bit32"
 10. Port Connectivity Checks: "FF_D_RISING:\LFSR:5:i32:bit32"
 11. Port Connectivity Checks: "FF_D_RISING:\LFSR:6:i32:bit32"
 12. Port Connectivity Checks: "FF_D_RISING:\LFSR:7:i32:bit32"
 13. Port Connectivity Checks: "FF_D_RISING:\LFSR:8:i32:bit32"
 14. Port Connectivity Checks: "FF_D_RISING:\LFSR:9:i32:bit32"
 15. Port Connectivity Checks: "FF_D_RISING:\LFSR:10:i32:bit32"
 16. Port Connectivity Checks: "FF_D_RISING:\LFSR:11:i32:bit32"
 17. Port Connectivity Checks: "FF_D_RISING:\LFSR:12:i32:bit32"
 18. Port Connectivity Checks: "FF_D_RISING:\LFSR:13:i32:bit32"
 19. Port Connectivity Checks: "FF_D_RISING:\LFSR:14:i32:bit32"
 20. Port Connectivity Checks: "FF_D_RISING:\LFSR:15:i32:bit32"
 21. Port Connectivity Checks: "FF_D_RISING:\LFSR:16:i32:bit32"
 22. Port Connectivity Checks: "FF_D_RISING:\LFSR:17:i32:bit32"
 23. Port Connectivity Checks: "FF_D_RISING:\LFSR:18:i32:bit32"
 24. Port Connectivity Checks: "FF_D_RISING:\LFSR:19:i32:bit32"
 25. Analysis & Elaboration Messages



----------------
; Legal Notice ;
----------------
Copyright (C) 1991-2015 Altera Corporation. All rights reserved.
Your use of Altera Corporation's design tools, logic functions 
and other software and tools, and its AMPP partner logic 
functions, and any output files from any of the foregoing 
(including device programming or simulation files), and any 
associated documentation or information are expressly subject 
to the terms and conditions of the Altera Program License 
Subscription Agreement, the Altera Quartus Prime License Agreement,
the Altera MegaCore Function License Agreement, or other 
applicable license agreement, including, without limitation, 
that your use is for the sole purpose of programming logic 
devices manufactured by Altera and sold by Altera or its 
authorized distributors.  Please refer to the applicable 
agreement for further details.



+----------------------------------------------------------------------------------+
; Analysis & Elaboration Summary                                                   ;
+------------------------------------+---------------------------------------------+
; Analysis & Elaboration Status      ; Successful - Sat Jun 11 10:41:55 2016       ;
; Quartus Prime Version              ; 15.1.0 Build 185 10/21/2015 SJ Lite Edition ;
; Revision Name                      ; Laboratorio6                                ;
; Top-level Entity Name              ; LFSR_20                                     ;
; Family                             ; Cyclone IV E                                ;
; Total logic elements               ; N/A until Partition Merge                   ;
;     Total combinational functions  ; N/A until Partition Merge                   ;
;     Dedicated logic registers      ; N/A until Partition Merge                   ;
; Total registers                    ; N/A until Partition Merge                   ;
; Total pins                         ; N/A until Partition Merge                   ;
; Total virtual pins                 ; N/A until Partition Merge                   ;
; Total memory bits                  ; N/A until Partition Merge                   ;
; Embedded Multiplier 9-bit elements ; N/A until Partition Merge                   ;
; Total PLLs                         ; N/A until Partition Merge                   ;
+------------------------------------+---------------------------------------------+


Parallel compilation was disabled, but you have multiple processors available. Enable parallel compilation to reduce compilation time.
+-------------------------------------+
; Parallel Compilation                ;
+----------------------------+--------+
; Processors                 ; Number ;
+----------------------------+--------+
; Number detected on machine ; 8      ;
; Maximum allowed            ; 1      ;
+----------------------------+--------+


+----------------------------------------------------------------------------------------------------------------------+
; Analysis & Elaboration Settings                                                                                      ;
+----------------------------------------------------------------------------+--------------------+--------------------+
; Option                                                                     ; Setting            ; Default Value      ;
+----------------------------------------------------------------------------+--------------------+--------------------+
; Device                                                                     ; EP4CE115F29C7      ;                    ;
; Top-level entity name                                                      ; LFSR_20            ; Laboratorio6       ;
; Family name                                                                ; Cyclone IV E       ; Cyclone V          ;
; Use smart compilation                                                      ; Off                ; Off                ;
; Enable parallel Assembler and TimeQuest Timing Analyzer during compilation ; On                 ; On                 ;
; Enable compact report table                                                ; Off                ; Off                ;
; Restructure Multiplexers                                                   ; Auto               ; Auto               ;
; Create Debugging Nodes for IP Cores                                        ; Off                ; Off                ;
; Preserve fewer node names                                                  ; On                 ; On                 ;
; Disable OpenCore Plus hardware evaluation                                  ; Off                ; Off                ;
; Verilog Version                                                            ; Verilog_2001       ; Verilog_2001       ;
; VHDL Version                                                               ; VHDL_1993          ; VHDL_1993          ;
; State Machine Processing                                                   ; Auto               ; Auto               ;
; Safe State Machine                                                         ; Off                ; Off                ;
; Extract Verilog State Machines                                             ; On                 ; On                 ;
; Extract VHDL State Machines                                                ; On                 ; On                 ;
; Ignore Verilog initial constructs                                          ; Off                ; Off                ;
; Iteration limit for constant Verilog loops                                 ; 5000               ; 5000               ;
; Iteration limit for non-constant Verilog loops                             ; 250                ; 250                ;
; Add Pass-Through Logic to Inferred RAMs                                    ; On                 ; On                 ;
; Infer RAMs from Raw Logic                                                  ; On                 ; On                 ;
; Parallel Synthesis                                                         ; On                 ; On                 ;
; DSP Block Balancing                                                        ; Auto               ; Auto               ;
; NOT Gate Push-Back                                                         ; On                 ; On                 ;
; Power-Up Don't Care                                                        ; On                 ; On                 ;
; Remove Redundant Logic Cells                                               ; Off                ; Off                ;
; Remove Duplicate Registers                                                 ; On                 ; On                 ;
; Ignore CARRY Buffers                                                       ; Off                ; Off                ;
; Ignore CASCADE Buffers                                                     ; Off                ; Off                ;
; Ignore GLOBAL Buffers                                                      ; Off                ; Off                ;
; Ignore ROW GLOBAL Buffers                                                  ; Off                ; Off                ;
; Ignore LCELL Buffers                                                       ; Off                ; Off                ;
; Ignore SOFT Buffers                                                        ; On                 ; On                 ;
; Limit AHDL Integers to 32 Bits                                             ; Off                ; Off                ;
; Optimization Technique                                                     ; Balanced           ; Balanced           ;
; Carry Chain Length                                                         ; 70                 ; 70                 ;
; Auto Carry Chains                                                          ; On                 ; On                 ;
; Auto Open-Drain Pins                                                       ; On                 ; On                 ;
; Perform WYSIWYG Primitive Resynthesis                                      ; Off                ; Off                ;
; Auto ROM Replacement                                                       ; On                 ; On                 ;
; Auto RAM Replacement                                                       ; On                 ; On                 ;
; Auto DSP Block Replacement                                                 ; On                 ; On                 ;
; Auto Shift Register Replacement                                            ; Auto               ; Auto               ;
; Allow Shift Register Merging across Hierarchies                            ; Auto               ; Auto               ;
; Auto Clock Enable Replacement                                              ; On                 ; On                 ;
; Strict RAM Replacement                                                     ; Off                ; Off                ;
; Allow Synchronous Control Signals                                          ; On                 ; On                 ;
; Force Use of Synchronous Clear Signals                                     ; Off                ; Off                ;
; Auto RAM Block Balancing                                                   ; On                 ; On                 ;
; Auto RAM to Logic Cell Conversion                                          ; Off                ; Off                ;
; Auto Resource Sharing                                                      ; Off                ; Off                ;
; Allow Any RAM Size For Recognition                                         ; Off                ; Off                ;
; Allow Any ROM Size For Recognition                                         ; Off                ; Off                ;
; Allow Any Shift Register Size For Recognition                              ; Off                ; Off                ;
; Use LogicLock Constraints during Resource Balancing                        ; On                 ; On                 ;
; Ignore translate_off and synthesis_off directives                          ; Off                ; Off                ;
; Timing-Driven Synthesis                                                    ; On                 ; On                 ;
; Report Parameter Settings                                                  ; On                 ; On                 ;
; Report Source Assignments                                                  ; On                 ; On                 ;
; Report Connectivity Checks                                                 ; On                 ; On                 ;
; Ignore Maximum Fan-Out Assignments                                         ; Off                ; Off                ;
; Synchronization Register Chain Length                                      ; 2                  ; 2                  ;
; PowerPlay Power Optimization During Synthesis                              ; Normal compilation ; Normal compilation ;
; HDL message level                                                          ; Level2             ; Level2             ;
; Suppress Register Optimization Related Messages                            ; Off                ; Off                ;
; Number of Removed Registers Reported in Synthesis Report                   ; 5000               ; 5000               ;
; Number of Swept Nodes Reported in Synthesis Report                         ; 5000               ; 5000               ;
; Number of Inverted Registers Reported in Synthesis Report                  ; 100                ; 100                ;
; Clock MUX Protection                                                       ; On                 ; On                 ;
; Auto Gated Clock Conversion                                                ; Off                ; Off                ;
; Block Design Naming                                                        ; Auto               ; Auto               ;
; SDC constraint protection                                                  ; Off                ; Off                ;
; Synthesis Effort                                                           ; Auto               ; Auto               ;
; Shift Register Replacement - Allow Asynchronous Clear Signal               ; On                 ; On                 ;
; Pre-Mapping Resynthesis Optimization                                       ; Off                ; Off                ;
; Analysis & Synthesis Message Level                                         ; Medium             ; Medium             ;
; Disable Register Merging Across Hierarchies                                ; Auto               ; Auto               ;
; Resource Aware Inference For Block RAM                                     ; On                 ; On                 ;
; Synthesis Seed                                                             ; 1                  ; 1                  ;
+----------------------------------------------------------------------------+--------------------+--------------------+


+---------------------------------------------------------+
; Port Connectivity Checks: "FF_D_RISING:\LFSR:0:i0:bit0" ;
+-------+-------+----------+------------------------------+
; Port  ; Type  ; Severity ; Details                      ;
+-------+-------+----------+------------------------------+
; reset ; Input ; Info     ; Stuck at GND                 ;
+-------+-------+----------+------------------------------+


+-----------------------------------------------------------+
; Port Connectivity Checks: "FF_D_RISING:\LFSR:1:i32:bit32" ;
+-------+-------+----------+--------------------------------+
; Port  ; Type  ; Severity ; Details                        ;
+-------+-------+----------+--------------------------------+
; reset ; Input ; Info     ; Stuck at GND                   ;
+-------+-------+----------+--------------------------------+


+-----------------------------------------------------------+
; Port Connectivity Checks: "FF_D_RISING:\LFSR:2:i32:bit32" ;
+-------+-------+----------+--------------------------------+
; Port  ; Type  ; Severity ; Details                        ;
+-------+-------+----------+--------------------------------+
; reset ; Input ; Info     ; Stuck at GND                   ;
+-------+-------+----------+--------------------------------+


+-----------------------------------------------------------+
; Port Connectivity Checks: "FF_D_RISING:\LFSR:3:i32:bit32" ;
+-------+-------+----------+--------------------------------+
; Port  ; Type  ; Severity ; Details                        ;
+-------+-------+----------+--------------------------------+
; reset ; Input ; Info     ; Stuck at GND                   ;
+-------+-------+----------+--------------------------------+


+-----------------------------------------------------------+
; Port Connectivity Checks: "FF_D_RISING:\LFSR:4:i32:bit32" ;
+-------+-------+----------+--------------------------------+
; Port  ; Type  ; Severity ; Details                        ;
+-------+-------+----------+--------------------------------+
; reset ; Input ; Info     ; Stuck at GND                   ;
+-------+-------+----------+--------------------------------+


+-----------------------------------------------------------+
; Port Connectivity Checks: "FF_D_RISING:\LFSR:5:i32:bit32" ;
+-------+-------+----------+--------------------------------+
; Port  ; Type  ; Severity ; Details                        ;
+-------+-------+----------+--------------------------------+
; reset ; Input ; Info     ; Stuck at GND                   ;
+-------+-------+----------+--------------------------------+


+-----------------------------------------------------------+
; Port Connectivity Checks: "FF_D_RISING:\LFSR:6:i32:bit32" ;
+-------+-------+----------+--------------------------------+
; Port  ; Type  ; Severity ; Details                        ;
+-------+-------+----------+--------------------------------+
; reset ; Input ; Info     ; Stuck at GND                   ;
+-------+-------+----------+--------------------------------+


+-----------------------------------------------------------+
; Port Connectivity Checks: "FF_D_RISING:\LFSR:7:i32:bit32" ;
+-------+-------+----------+--------------------------------+
; Port  ; Type  ; Severity ; Details                        ;
+-------+-------+----------+--------------------------------+
; reset ; Input ; Info     ; Stuck at GND                   ;
+-------+-------+----------+--------------------------------+


+-----------------------------------------------------------+
; Port Connectivity Checks: "FF_D_RISING:\LFSR:8:i32:bit32" ;
+-------+-------+----------+--------------------------------+
; Port  ; Type  ; Severity ; Details                        ;
+-------+-------+----------+--------------------------------+
; reset ; Input ; Info     ; Stuck at GND                   ;
+-------+-------+----------+--------------------------------+


+-----------------------------------------------------------+
; Port Connectivity Checks: "FF_D_RISING:\LFSR:9:i32:bit32" ;
+-------+-------+----------+--------------------------------+
; Port  ; Type  ; Severity ; Details                        ;
+-------+-------+----------+--------------------------------+
; reset ; Input ; Info     ; Stuck at GND                   ;
+-------+-------+----------+--------------------------------+


+------------------------------------------------------------+
; Port Connectivity Checks: "FF_D_RISING:\LFSR:10:i32:bit32" ;
+-------+-------+----------+---------------------------------+
; Port  ; Type  ; Severity ; Details                         ;
+-------+-------+----------+---------------------------------+
; reset ; Input ; Info     ; Stuck at GND                    ;
+-------+-------+----------+---------------------------------+


+------------------------------------------------------------+
; Port Connectivity Checks: "FF_D_RISING:\LFSR:11:i32:bit32" ;
+-------+-------+----------+---------------------------------+
; Port  ; Type  ; Severity ; Details                         ;
+-------+-------+----------+---------------------------------+
; reset ; Input ; Info     ; Stuck at GND                    ;
+-------+-------+----------+---------------------------------+


+------------------------------------------------------------+
; Port Connectivity Checks: "FF_D_RISING:\LFSR:12:i32:bit32" ;
+-------+-------+----------+---------------------------------+
; Port  ; Type  ; Severity ; Details                         ;
+-------+-------+----------+---------------------------------+
; reset ; Input ; Info     ; Stuck at GND                    ;
+-------+-------+----------+---------------------------------+


+------------------------------------------------------------+
; Port Connectivity Checks: "FF_D_RISING:\LFSR:13:i32:bit32" ;
+-------+-------+----------+---------------------------------+
; Port  ; Type  ; Severity ; Details                         ;
+-------+-------+----------+---------------------------------+
; reset ; Input ; Info     ; Stuck at GND                    ;
+-------+-------+----------+---------------------------------+


+------------------------------------------------------------+
; Port Connectivity Checks: "FF_D_RISING:\LFSR:14:i32:bit32" ;
+-------+-------+----------+---------------------------------+
; Port  ; Type  ; Severity ; Details                         ;
+-------+-------+----------+---------------------------------+
; reset ; Input ; Info     ; Stuck at GND                    ;
+-------+-------+----------+---------------------------------+


+------------------------------------------------------------+
; Port Connectivity Checks: "FF_D_RISING:\LFSR:15:i32:bit32" ;
+-------+-------+----------+---------------------------------+
; Port  ; Type  ; Severity ; Details                         ;
+-------+-------+----------+---------------------------------+
; reset ; Input ; Info     ; Stuck at GND                    ;
+-------+-------+----------+---------------------------------+


+------------------------------------------------------------+
; Port Connectivity Checks: "FF_D_RISING:\LFSR:16:i32:bit32" ;
+-------+-------+----------+---------------------------------+
; Port  ; Type  ; Severity ; Details                         ;
+-------+-------+----------+---------------------------------+
; reset ; Input ; Info     ; Stuck at GND                    ;
+-------+-------+----------+---------------------------------+


+------------------------------------------------------------+
; Port Connectivity Checks: "FF_D_RISING:\LFSR:17:i32:bit32" ;
+-------+-------+----------+---------------------------------+
; Port  ; Type  ; Severity ; Details                         ;
+-------+-------+----------+---------------------------------+
; reset ; Input ; Info     ; Stuck at GND                    ;
+-------+-------+----------+---------------------------------+


+------------------------------------------------------------+
; Port Connectivity Checks: "FF_D_RISING:\LFSR:18:i32:bit32" ;
+-------+-------+----------+---------------------------------+
; Port  ; Type  ; Severity ; Details                         ;
+-------+-------+----------+---------------------------------+
; reset ; Input ; Info     ; Stuck at GND                    ;
+-------+-------+----------+---------------------------------+


+------------------------------------------------------------+
; Port Connectivity Checks: "FF_D_RISING:\LFSR:19:i32:bit32" ;
+-------+-------+----------+---------------------------------+
; Port  ; Type  ; Severity ; Details                         ;
+-------+-------+----------+---------------------------------+
; reset ; Input ; Info     ; Stuck at GND                    ;
+-------+-------+----------+---------------------------------+


+---------------------------------+
; Analysis & Elaboration Messages ;
+---------------------------------+
Info: *******************************************************************
Info: Running Quartus Prime Analysis & Elaboration
    Info: Version 15.1.0 Build 185 10/21/2015 SJ Lite Edition
    Info: Processing started: Sat Jun 11 10:41:40 2016
Info: Command: quartus_map --read_settings_files=on --write_settings_files=off Laboratorio6 -c Laboratorio6 --analysis_and_elaboration
Warning (20028): Parallel compilation is not licensed and has been disabled
Info (12021): Found 2 design units, including 1 entities, in source file laboratorio6.vhd
    Info (12022): Found design unit 1: Laboratorio6-beh File: E:/Mega/Facultad/FPGA/Laboratorio6/Laboratorio6.vhd Line: 30
    Info (12023): Found entity 1: Laboratorio6 File: E:/Mega/Facultad/FPGA/Laboratorio6/Laboratorio6.vhd Line: 6
Info (12021): Found 2 design units, including 1 entities, in source file control_ram_fsm.vhd
    Info (12022): Found design unit 1: Control_RAM_FSM-beh File: E:/Mega/Facultad/FPGA/Laboratorio6/Control_RAM_FSM.vhd Line: 23
    Info (12023): Found entity 1: Control_RAM_FSM File: E:/Mega/Facultad/FPGA/Laboratorio6/Control_RAM_FSM.vhd Line: 5
Info (12021): Found 2 design units, including 1 entities, in source file control_ram_fsm_tb.vhd
    Info (12022): Found design unit 1: Control_RAM_FSM_TB-tb File: E:/Mega/Facultad/FPGA/Laboratorio6/Control_RAM_FSM_TB.vhd Line: 8
    Info (12023): Found entity 1: Control_RAM_FSM_TB File: E:/Mega/Facultad/FPGA/Laboratorio6/Control_RAM_FSM_TB.vhd Line: 5
Info (12021): Found 1 design units, including 0 entities, in source file lab6_package.vhd
    Info (12022): Found design unit 1: Lab6_Pack File: E:/Mega/Facultad/FPGA/Laboratorio6/Lab6_Package.vhd Line: 5
Info (12021): Found 2 design units, including 1 entities, in source file ff_d_rising.vhd
    Info (12022): Found design unit 1: FF_D_RISING-flow File: E:/Mega/Facultad/FPGA/Laboratorio6/FF_D_RISING.vhd Line: 20
    Info (12023): Found entity 1: FF_D_RISING File: E:/Mega/Facultad/FPGA/Laboratorio6/FF_D_RISING.vhd Line: 5
Info (12021): Found 2 design units, including 1 entities, in source file lfsr_20.vhd
    Info (12022): Found design unit 1: LFSR_20-shift File: E:/Mega/Facultad/FPGA/Laboratorio6/LFSR_20.vhd Line: 21
    Info (12023): Found entity 1: LFSR_20 File: E:/Mega/Facultad/FPGA/Laboratorio6/LFSR_20.vhd Line: 7
Info (12127): Elaborating entity "LFSR_20" for the top level hierarchy
Info (12128): Elaborating entity "FF_D_RISING" for hierarchy "FF_D_RISING:\LFSR:19:i32:bit32" File: E:/Mega/Facultad/FPGA/Laboratorio6/LFSR_20.vhd Line: 47
Warning (10492): VHDL Process Statement warning at FF_D_RISING.vhd(24): signal "En" is read inside the Process Statement but isn't in the Process Statement's sensitivity list File: E:/Mega/Facultad/FPGA/Laboratorio6/FF_D_RISING.vhd Line: 24
Info: Quartus Prime Analysis & Elaboration was successful. 0 errors, 2 warnings
    Info: Peak virtual memory: 840 megabytes
    Info: Processing ended: Sat Jun 11 10:41:55 2016
    Info: Elapsed time: 00:00:15
    Info: Total CPU time (on all processors): 00:00:38


